The system is: Linux - 3.10.0-1160.83.1.el7.x86_64 - x86_64
Compiling the C compiler identification source file "CMakeCCompilerId.c" succeeded.
Compiler: /usr/local/bin/cc 
Build flags: 
Id flags:  

The output was:
0


Compilation of the C compiler identification source "CMakeCCompilerId.c" produced "a.out"

The C compiler identification is GNU, found in "/root/code/ffmpeg/build/CMakeFiles/3.25.2/CompilerIdC/a.out"

Compiling the CXX compiler identification source file "CMakeCXXCompilerId.cpp" succeeded.
Compiler: /usr/local/bin/c++ 
Build flags: 
Id flags:  

The output was:
0


Compilation of the CXX compiler identification source "CMakeCXXCompilerId.cpp" produced "a.out"

The CXX compiler identification is GNU, found in "/root/code/ffmpeg/build/CMakeFiles/3.25.2/CompilerIdCXX/a.out"

Detecting C compiler ABI info compiled with the following output:
Change Dir: /root/code/ffmpeg/build/CMakeFiles/CMakeScratch/TryCompile-xDUWvl

Run Build Command(s):/usr/bin/gmake -f Makefile cmTC_34552/fast && /usr/bin/gmake  -f CMakeFiles/cmTC_34552.dir/build.make CMakeFiles/cmTC_34552.dir/build
gmake[1]: Entering directory `/root/code/ffmpeg/build/CMakeFiles/CMakeScratch/TryCompile-xDUWvl'
Building C object CMakeFiles/cmTC_34552.dir/CMakeCCompilerABI.c.o
/usr/local/bin/cc   -v -o CMakeFiles/cmTC_34552.dir/CMakeCCompilerABI.c.o -c /usr/local/share/cmake-3.25/Modules/CMakeCCompilerABI.c
Using built-in specs.
COLLECT_GCC=/usr/local/bin/cc
Target: x86_64-redhat-linux
Configured with: ./configure --enable-bootstrap --enable-languages=c,c++,fortran,lto --with-bugurl=http://bugzilla.redhat.com/bugzilla --enable-shared --enable-threads=posix --enable-checking=release --disable-multilib --with-system-zlib --enable-__cxa_atexit --disable-libunwind-exceptions --enable-gnu-unique-object --enable-linker-build-id --with-gcc-major-version-only --enable-plugin --with-linker-hash-style=gnu --enable-initfini-array --enable-libmpx --enable-gnu-indirect-function --with-tune=generic --build=x86_64-redhat-linux
Thread model: posix
gcc version 7.2.0 (GCC) 
COLLECT_GCC_OPTIONS='-v' '-o' 'CMakeFiles/cmTC_34552.dir/CMakeCCompilerABI.c.o' '-c' '-mtune=generic' '-march=x86-64'
 /usr/local/libexec/gcc/x86_64-redhat-linux/7/cc1 -quiet -v /usr/local/share/cmake-3.25/Modules/CMakeCCompilerABI.c -quiet -dumpbase CMakeCCompilerABI.c -mtune=generic -march=x86-64 -auxbase-strip CMakeFiles/cmTC_34552.dir/CMakeCCompilerABI.c.o -version -o /tmp/cc3SeKKq.s
GNU C11 (GCC) version 7.2.0 (x86_64-redhat-linux)
	compiled by GNU C version 7.2.0, GMP version 6.1.0, MPFR version 3.1.4, MPC version 1.0.3, isl version isl-0.16.1-GMP

GGC heuristics: --param ggc-min-expand=97 --param ggc-min-heapsize=126788
ignoring nonexistent directory "/usr/local/lib/gcc/x86_64-redhat-linux/7/../../../../x86_64-redhat-linux/include"
#include "..." search starts here:
#include <...> search starts here:
 /usr/local/lib/gcc/x86_64-redhat-linux/7/include
 /usr/local/include
 /usr/local/lib/gcc/x86_64-redhat-linux/7/include-fixed
 /usr/include
End of search list.
GNU C11 (GCC) version 7.2.0 (x86_64-redhat-linux)
	compiled by GNU C version 7.2.0, GMP version 6.1.0, MPFR version 3.1.4, MPC version 1.0.3, isl version isl-0.16.1-GMP

GGC heuristics: --param ggc-min-expand=97 --param ggc-min-heapsize=126788
Compiler executable checksum: 4f526d50d28f0508c8eeddc596a2f18a
COLLECT_GCC_OPTIONS='-v' '-o' 'CMakeFiles/cmTC_34552.dir/CMakeCCompilerABI.c.o' '-c' '-mtune=generic' '-march=x86-64'
 as -v --64 -o CMakeFiles/cmTC_34552.dir/CMakeCCompilerABI.c.o /tmp/cc3SeKKq.s
GNU assembler version 2.27 (x86_64-redhat-linux) using BFD version version 2.27-44.base.el7_9.1
COMPILER_PATH=/usr/local/libexec/gcc/x86_64-redhat-linux/7/:/usr/local/libexec/gcc/x86_64-redhat-linux/7/:/usr/local/libexec/gcc/x86_64-redhat-linux/:/usr/local/lib/gcc/x86_64-redhat-linux/7/:/usr/local/lib/gcc/x86_64-redhat-linux/
LIBRARY_PATH=/usr/local/lib/gcc/x86_64-redhat-linux/7/:/usr/local/lib/gcc/x86_64-redhat-linux/7/../../../../lib64/:/lib/../lib64/:/usr/lib/../lib64/:/usr/local/lib/gcc/x86_64-redhat-linux/7/../../../:/lib/:/usr/lib/
COLLECT_GCC_OPTIONS='-v' '-o' 'CMakeFiles/cmTC_34552.dir/CMakeCCompilerABI.c.o' '-c' '-mtune=generic' '-march=x86-64'
Linking C executable cmTC_34552
/usr/local/bin/cmake -E cmake_link_script CMakeFiles/cmTC_34552.dir/link.txt --verbose=1
/usr/local/bin/cc  -v CMakeFiles/cmTC_34552.dir/CMakeCCompilerABI.c.o -o cmTC_34552 
Using built-in specs.
COLLECT_GCC=/usr/local/bin/cc
COLLECT_LTO_WRAPPER=/usr/local/libexec/gcc/x86_64-redhat-linux/7/lto-wrapper
Target: x86_64-redhat-linux
Configured with: ./configure --enable-bootstrap --enable-languages=c,c++,fortran,lto --with-bugurl=http://bugzilla.redhat.com/bugzilla --enable-shared --enable-threads=posix --enable-checking=release --disable-multilib --with-system-zlib --enable-__cxa_atexit --disable-libunwind-exceptions --enable-gnu-unique-object --enable-linker-build-id --with-gcc-major-version-only --enable-plugin --with-linker-hash-style=gnu --enable-initfini-array --enable-libmpx --enable-gnu-indirect-function --with-tune=generic --build=x86_64-redhat-linux
Thread model: posix
gcc version 7.2.0 (GCC) 
COMPILER_PATH=/usr/local/libexec/gcc/x86_64-redhat-linux/7/:/usr/local/libexec/gcc/x86_64-redhat-linux/7/:/usr/local/libexec/gcc/x86_64-redhat-linux/:/usr/local/lib/gcc/x86_64-redhat-linux/7/:/usr/local/lib/gcc/x86_64-redhat-linux/
LIBRARY_PATH=/usr/local/lib/gcc/x86_64-redhat-linux/7/:/usr/local/lib/gcc/x86_64-redhat-linux/7/../../../../lib64/:/lib/../lib64/:/usr/lib/../lib64/:/usr/local/lib/gcc/x86_64-redhat-linux/7/../../../:/lib/:/usr/lib/
COLLECT_GCC_OPTIONS='-v' '-o' 'cmTC_34552' '-mtune=generic' '-march=x86-64'
 /usr/local/libexec/gcc/x86_64-redhat-linux/7/collect2 -plugin /usr/local/libexec/gcc/x86_64-redhat-linux/7/liblto_plugin.so -plugin-opt=/usr/local/libexec/gcc/x86_64-redhat-linux/7/lto-wrapper -plugin-opt=-fresolution=/tmp/cc3eBtdE.res -plugin-opt=-pass-through=-lgcc -plugin-opt=-pass-through=-lgcc_s -plugin-opt=-pass-through=-lc -plugin-opt=-pass-through=-lgcc -plugin-opt=-pass-through=-lgcc_s --build-id --eh-frame-hdr --hash-style=gnu -m elf_x86_64 -dynamic-linker /lib64/ld-linux-x86-64.so.2 -o cmTC_34552 /lib/../lib64/crt1.o /lib/../lib64/crti.o /usr/local/lib/gcc/x86_64-redhat-linux/7/crtbegin.o -L/usr/local/lib/gcc/x86_64-redhat-linux/7 -L/usr/local/lib/gcc/x86_64-redhat-linux/7/../../../../lib64 -L/lib/../lib64 -L/usr/lib/../lib64 -L/usr/local/lib/gcc/x86_64-redhat-linux/7/../../.. CMakeFiles/cmTC_34552.dir/CMakeCCompilerABI.c.o -lgcc --as-needed -lgcc_s --no-as-needed -lc -lgcc --as-needed -lgcc_s --no-as-needed /usr/local/lib/gcc/x86_64-redhat-linux/7/crtend.o /lib/../lib64/crtn.o
COLLECT_GCC_OPTIONS='-v' '-o' 'cmTC_34552' '-mtune=generic' '-march=x86-64'
gmake[1]: Leaving directory `/root/code/ffmpeg/build/CMakeFiles/CMakeScratch/TryCompile-xDUWvl'



Parsed C implicit include dir info from above output: rv=done
  found start of include info
  found start of implicit include info
    add: [/usr/local/lib/gcc/x86_64-redhat-linux/7/include]
    add: [/usr/local/include]
    add: [/usr/local/lib/gcc/x86_64-redhat-linux/7/include-fixed]
    add: [/usr/include]
  end of search list found
  collapse include dir [/usr/local/lib/gcc/x86_64-redhat-linux/7/include] ==> [/usr/local/lib/gcc/x86_64-redhat-linux/7/include]
  collapse include dir [/usr/local/include] ==> [/usr/local/include]
  collapse include dir [/usr/local/lib/gcc/x86_64-redhat-linux/7/include-fixed] ==> [/usr/local/lib/gcc/x86_64-redhat-linux/7/include-fixed]
  collapse include dir [/usr/include] ==> [/usr/include]
  implicit include dirs: [/usr/local/lib/gcc/x86_64-redhat-linux/7/include;/usr/local/include;/usr/local/lib/gcc/x86_64-redhat-linux/7/include-fixed;/usr/include]


Parsed C implicit link information from above output:
  link line regex: [^( *|.*[/\])(ld|CMAKE_LINK_STARTFILE-NOTFOUND|([^/\]+-)?ld|collect2)[^/\]*( |$)]
  ignore line: [Change Dir: /root/code/ffmpeg/build/CMakeFiles/CMakeScratch/TryCompile-xDUWvl]
  ignore line: []
  ignore line: [Run Build Command(s):/usr/bin/gmake -f Makefile cmTC_34552/fast && /usr/bin/gmake  -f CMakeFiles/cmTC_34552.dir/build.make CMakeFiles/cmTC_34552.dir/build]
  ignore line: [gmake[1]: Entering directory `/root/code/ffmpeg/build/CMakeFiles/CMakeScratch/TryCompile-xDUWvl']
  ignore line: [Building C object CMakeFiles/cmTC_34552.dir/CMakeCCompilerABI.c.o]
  ignore line: [/usr/local/bin/cc   -v -o CMakeFiles/cmTC_34552.dir/CMakeCCompilerABI.c.o -c /usr/local/share/cmake-3.25/Modules/CMakeCCompilerABI.c]
  ignore line: [Using built-in specs.]
  ignore line: [COLLECT_GCC=/usr/local/bin/cc]
  ignore line: [Target: x86_64-redhat-linux]
  ignore line: [Configured with: ./configure --enable-bootstrap --enable-languages=c c++ fortran lto --with-bugurl=http://bugzilla.redhat.com/bugzilla --enable-shared --enable-threads=posix --enable-checking=release --disable-multilib --with-system-zlib --enable-__cxa_atexit --disable-libunwind-exceptions --enable-gnu-unique-object --enable-linker-build-id --with-gcc-major-version-only --enable-plugin --with-linker-hash-style=gnu --enable-initfini-array --enable-libmpx --enable-gnu-indirect-function --with-tune=generic --build=x86_64-redhat-linux]
  ignore line: [Thread model: posix]
  ignore line: [gcc version 7.2.0 (GCC) ]
  ignore line: [COLLECT_GCC_OPTIONS='-v' '-o' 'CMakeFiles/cmTC_34552.dir/CMakeCCompilerABI.c.o' '-c' '-mtune=generic' '-march=x86-64']
  ignore line: [ /usr/local/libexec/gcc/x86_64-redhat-linux/7/cc1 -quiet -v /usr/local/share/cmake-3.25/Modules/CMakeCCompilerABI.c -quiet -dumpbase CMakeCCompilerABI.c -mtune=generic -march=x86-64 -auxbase-strip CMakeFiles/cmTC_34552.dir/CMakeCCompilerABI.c.o -version -o /tmp/cc3SeKKq.s]
  ignore line: [GNU C11 (GCC) version 7.2.0 (x86_64-redhat-linux)]
  ignore line: [	compiled by GNU C version 7.2.0  GMP version 6.1.0  MPFR version 3.1.4  MPC version 1.0.3  isl version isl-0.16.1-GMP]
  ignore line: []
  ignore line: [GGC heuristics: --param ggc-min-expand=97 --param ggc-min-heapsize=126788]
  ignore line: [ignoring nonexistent directory "/usr/local/lib/gcc/x86_64-redhat-linux/7/../../../../x86_64-redhat-linux/include"]
  ignore line: [#include "..." search starts here:]
  ignore line: [#include <...> search starts here:]
  ignore line: [ /usr/local/lib/gcc/x86_64-redhat-linux/7/include]
  ignore line: [ /usr/local/include]
  ignore line: [ /usr/local/lib/gcc/x86_64-redhat-linux/7/include-fixed]
  ignore line: [ /usr/include]
  ignore line: [End of search list.]
  ignore line: [GNU C11 (GCC) version 7.2.0 (x86_64-redhat-linux)]
  ignore line: [	compiled by GNU C version 7.2.0  GMP version 6.1.0  MPFR version 3.1.4  MPC version 1.0.3  isl version isl-0.16.1-GMP]
  ignore line: []
  ignore line: [GGC heuristics: --param ggc-min-expand=97 --param ggc-min-heapsize=126788]
  ignore line: [Compiler executable checksum: 4f526d50d28f0508c8eeddc596a2f18a]
  ignore line: [COLLECT_GCC_OPTIONS='-v' '-o' 'CMakeFiles/cmTC_34552.dir/CMakeCCompilerABI.c.o' '-c' '-mtune=generic' '-march=x86-64']
  ignore line: [ as -v --64 -o CMakeFiles/cmTC_34552.dir/CMakeCCompilerABI.c.o /tmp/cc3SeKKq.s]
  ignore line: [GNU assembler version 2.27 (x86_64-redhat-linux) using BFD version version 2.27-44.base.el7_9.1]
  ignore line: [COMPILER_PATH=/usr/local/libexec/gcc/x86_64-redhat-linux/7/:/usr/local/libexec/gcc/x86_64-redhat-linux/7/:/usr/local/libexec/gcc/x86_64-redhat-linux/:/usr/local/lib/gcc/x86_64-redhat-linux/7/:/usr/local/lib/gcc/x86_64-redhat-linux/]
  ignore line: [LIBRARY_PATH=/usr/local/lib/gcc/x86_64-redhat-linux/7/:/usr/local/lib/gcc/x86_64-redhat-linux/7/../../../../lib64/:/lib/../lib64/:/usr/lib/../lib64/:/usr/local/lib/gcc/x86_64-redhat-linux/7/../../../:/lib/:/usr/lib/]
  ignore line: [COLLECT_GCC_OPTIONS='-v' '-o' 'CMakeFiles/cmTC_34552.dir/CMakeCCompilerABI.c.o' '-c' '-mtune=generic' '-march=x86-64']
  ignore line: [Linking C executable cmTC_34552]
  ignore line: [/usr/local/bin/cmake -E cmake_link_script CMakeFiles/cmTC_34552.dir/link.txt --verbose=1]
  ignore line: [/usr/local/bin/cc  -v CMakeFiles/cmTC_34552.dir/CMakeCCompilerABI.c.o -o cmTC_34552 ]
  ignore line: [Using built-in specs.]
  ignore line: [COLLECT_GCC=/usr/local/bin/cc]
  ignore line: [COLLECT_LTO_WRAPPER=/usr/local/libexec/gcc/x86_64-redhat-linux/7/lto-wrapper]
  ignore line: [Target: x86_64-redhat-linux]
  ignore line: [Configured with: ./configure --enable-bootstrap --enable-languages=c c++ fortran lto --with-bugurl=http://bugzilla.redhat.com/bugzilla --enable-shared --enable-threads=posix --enable-checking=release --disable-multilib --with-system-zlib --enable-__cxa_atexit --disable-libunwind-exceptions --enable-gnu-unique-object --enable-linker-build-id --with-gcc-major-version-only --enable-plugin --with-linker-hash-style=gnu --enable-initfini-array --enable-libmpx --enable-gnu-indirect-function --with-tune=generic --build=x86_64-redhat-linux]
  ignore line: [Thread model: posix]
  ignore line: [gcc version 7.2.0 (GCC) ]
  ignore line: [COMPILER_PATH=/usr/local/libexec/gcc/x86_64-redhat-linux/7/:/usr/local/libexec/gcc/x86_64-redhat-linux/7/:/usr/local/libexec/gcc/x86_64-redhat-linux/:/usr/local/lib/gcc/x86_64-redhat-linux/7/:/usr/local/lib/gcc/x86_64-redhat-linux/]
  ignore line: [LIBRARY_PATH=/usr/local/lib/gcc/x86_64-redhat-linux/7/:/usr/local/lib/gcc/x86_64-redhat-linux/7/../../../../lib64/:/lib/../lib64/:/usr/lib/../lib64/:/usr/local/lib/gcc/x86_64-redhat-linux/7/../../../:/lib/:/usr/lib/]
  ignore line: [COLLECT_GCC_OPTIONS='-v' '-o' 'cmTC_34552' '-mtune=generic' '-march=x86-64']
  link line: [ /usr/local/libexec/gcc/x86_64-redhat-linux/7/collect2 -plugin /usr/local/libexec/gcc/x86_64-redhat-linux/7/liblto_plugin.so -plugin-opt=/usr/local/libexec/gcc/x86_64-redhat-linux/7/lto-wrapper -plugin-opt=-fresolution=/tmp/cc3eBtdE.res -plugin-opt=-pass-through=-lgcc -plugin-opt=-pass-through=-lgcc_s -plugin-opt=-pass-through=-lc -plugin-opt=-pass-through=-lgcc -plugin-opt=-pass-through=-lgcc_s --build-id --eh-frame-hdr --hash-style=gnu -m elf_x86_64 -dynamic-linker /lib64/ld-linux-x86-64.so.2 -o cmTC_34552 /lib/../lib64/crt1.o /lib/../lib64/crti.o /usr/local/lib/gcc/x86_64-redhat-linux/7/crtbegin.o -L/usr/local/lib/gcc/x86_64-redhat-linux/7 -L/usr/local/lib/gcc/x86_64-redhat-linux/7/../../../../lib64 -L/lib/../lib64 -L/usr/lib/../lib64 -L/usr/local/lib/gcc/x86_64-redhat-linux/7/../../.. CMakeFiles/cmTC_34552.dir/CMakeCCompilerABI.c.o -lgcc --as-needed -lgcc_s --no-as-needed -lc -lgcc --as-needed -lgcc_s --no-as-needed /usr/local/lib/gcc/x86_64-redhat-linux/7/crtend.o /lib/../lib64/crtn.o]
    arg [/usr/local/libexec/gcc/x86_64-redhat-linux/7/collect2] ==> ignore
    arg [-plugin] ==> ignore
    arg [/usr/local/libexec/gcc/x86_64-redhat-linux/7/liblto_plugin.so] ==> ignore
    arg [-plugin-opt=/usr/local/libexec/gcc/x86_64-redhat-linux/7/lto-wrapper] ==> ignore
    arg [-plugin-opt=-fresolution=/tmp/cc3eBtdE.res] ==> ignore
    arg [-plugin-opt=-pass-through=-lgcc] ==> ignore
    arg [-plugin-opt=-pass-through=-lgcc_s] ==> ignore
    arg [-plugin-opt=-pass-through=-lc] ==> ignore
    arg [-plugin-opt=-pass-through=-lgcc] ==> ignore
    arg [-plugin-opt=-pass-through=-lgcc_s] ==> ignore
    arg [--build-id] ==> ignore
    arg [--eh-frame-hdr] ==> ignore
    arg [--hash-style=gnu] ==> ignore
    arg [-m] ==> ignore
    arg [elf_x86_64] ==> ignore
    arg [-dynamic-linker] ==> ignore
    arg [/lib64/ld-linux-x86-64.so.2] ==> ignore
    arg [-o] ==> ignore
    arg [cmTC_34552] ==> ignore
    arg [/lib/../lib64/crt1.o] ==> obj [/lib/../lib64/crt1.o]
    arg [/lib/../lib64/crti.o] ==> obj [/lib/../lib64/crti.o]
    arg [/usr/local/lib/gcc/x86_64-redhat-linux/7/crtbegin.o] ==> obj [/usr/local/lib/gcc/x86_64-redhat-linux/7/crtbegin.o]
    arg [-L/usr/local/lib/gcc/x86_64-redhat-linux/7] ==> dir [/usr/local/lib/gcc/x86_64-redhat-linux/7]
    arg [-L/usr/local/lib/gcc/x86_64-redhat-linux/7/../../../../lib64] ==> dir [/usr/local/lib/gcc/x86_64-redhat-linux/7/../../../../lib64]
    arg [-L/lib/../lib64] ==> dir [/lib/../lib64]
    arg [-L/usr/lib/../lib64] ==> dir [/usr/lib/../lib64]
    arg [-L/usr/local/lib/gcc/x86_64-redhat-linux/7/../../..] ==> dir [/usr/local/lib/gcc/x86_64-redhat-linux/7/../../..]
    arg [CMakeFiles/cmTC_34552.dir/CMakeCCompilerABI.c.o] ==> ignore
    arg [-lgcc] ==> lib [gcc]
    arg [--as-needed] ==> ignore
    arg [-lgcc_s] ==> lib [gcc_s]
    arg [--no-as-needed] ==> ignore
    arg [-lc] ==> lib [c]
    arg [-lgcc] ==> lib [gcc]
    arg [--as-needed] ==> ignore
    arg [-lgcc_s] ==> lib [gcc_s]
    arg [--no-as-needed] ==> ignore
    arg [/usr/local/lib/gcc/x86_64-redhat-linux/7/crtend.o] ==> obj [/usr/local/lib/gcc/x86_64-redhat-linux/7/crtend.o]
    arg [/lib/../lib64/crtn.o] ==> obj [/lib/../lib64/crtn.o]
  collapse obj [/lib/../lib64/crt1.o] ==> [/lib64/crt1.o]
  collapse obj [/lib/../lib64/crti.o] ==> [/lib64/crti.o]
  collapse obj [/lib/../lib64/crtn.o] ==> [/lib64/crtn.o]
  collapse library dir [/usr/local/lib/gcc/x86_64-redhat-linux/7] ==> [/usr/local/lib/gcc/x86_64-redhat-linux/7]
  collapse library dir [/usr/local/lib/gcc/x86_64-redhat-linux/7/../../../../lib64] ==> [/usr/local/lib64]
  collapse library dir [/lib/../lib64] ==> [/lib64]
  collapse library dir [/usr/lib/../lib64] ==> [/usr/lib64]
  collapse library dir [/usr/local/lib/gcc/x86_64-redhat-linux/7/../../..] ==> [/usr/local/lib]
  implicit libs: [gcc;gcc_s;c;gcc;gcc_s]
  implicit objs: [/lib64/crt1.o;/lib64/crti.o;/usr/local/lib/gcc/x86_64-redhat-linux/7/crtbegin.o;/usr/local/lib/gcc/x86_64-redhat-linux/7/crtend.o;/lib64/crtn.o]
  implicit dirs: [/usr/local/lib/gcc/x86_64-redhat-linux/7;/usr/local/lib64;/lib64;/usr/lib64;/usr/local/lib]
  implicit fwks: []


Detecting CXX compiler ABI info compiled with the following output:
Change Dir: /root/code/ffmpeg/build/CMakeFiles/CMakeScratch/TryCompile-ZdyxDT

Run Build Command(s):/usr/bin/gmake -f Makefile cmTC_b1a96/fast && /usr/bin/gmake  -f CMakeFiles/cmTC_b1a96.dir/build.make CMakeFiles/cmTC_b1a96.dir/build
gmake[1]: Entering directory `/root/code/ffmpeg/build/CMakeFiles/CMakeScratch/TryCompile-ZdyxDT'
Building CXX object CMakeFiles/cmTC_b1a96.dir/CMakeCXXCompilerABI.cpp.o
/usr/local/bin/c++   -v -o CMakeFiles/cmTC_b1a96.dir/CMakeCXXCompilerABI.cpp.o -c /usr/local/share/cmake-3.25/Modules/CMakeCXXCompilerABI.cpp
Using built-in specs.
COLLECT_GCC=/usr/local/bin/c++
Target: x86_64-redhat-linux
Configured with: ./configure --enable-bootstrap --enable-languages=c,c++,fortran,lto --with-bugurl=http://bugzilla.redhat.com/bugzilla --enable-shared --enable-threads=posix --enable-checking=release --disable-multilib --with-system-zlib --enable-__cxa_atexit --disable-libunwind-exceptions --enable-gnu-unique-object --enable-linker-build-id --with-gcc-major-version-only --enable-plugin --with-linker-hash-style=gnu --enable-initfini-array --enable-libmpx --enable-gnu-indirect-function --with-tune=generic --build=x86_64-redhat-linux
Thread model: posix
gcc version 7.2.0 (GCC) 
COLLECT_GCC_OPTIONS='-v' '-o' 'CMakeFiles/cmTC_b1a96.dir/CMakeCXXCompilerABI.cpp.o' '-c' '-shared-libgcc' '-mtune=generic' '-march=x86-64'
 /usr/local/libexec/gcc/x86_64-redhat-linux/7/cc1plus -quiet -v -D_GNU_SOURCE /usr/local/share/cmake-3.25/Modules/CMakeCXXCompilerABI.cpp -quiet -dumpbase CMakeCXXCompilerABI.cpp -mtune=generic -march=x86-64 -auxbase-strip CMakeFiles/cmTC_b1a96.dir/CMakeCXXCompilerABI.cpp.o -version -o /tmp/ccWTX3zQ.s
GNU C++14 (GCC) version 7.2.0 (x86_64-redhat-linux)
	compiled by GNU C version 7.2.0, GMP version 6.1.0, MPFR version 3.1.4, MPC version 1.0.3, isl version isl-0.16.1-GMP

GGC heuristics: --param ggc-min-expand=97 --param ggc-min-heapsize=126788
ignoring nonexistent directory "/usr/local/lib/gcc/x86_64-redhat-linux/7/../../../../x86_64-redhat-linux/include"
#include "..." search starts here:
#include <...> search starts here:
 /usr/local/lib/gcc/x86_64-redhat-linux/7/../../../../include/c++/7
 /usr/local/lib/gcc/x86_64-redhat-linux/7/../../../../include/c++/7/x86_64-redhat-linux
 /usr/local/lib/gcc/x86_64-redhat-linux/7/../../../../include/c++/7/backward
 /usr/local/lib/gcc/x86_64-redhat-linux/7/include
 /usr/local/include
 /usr/local/lib/gcc/x86_64-redhat-linux/7/include-fixed
 /usr/include
End of search list.
GNU C++14 (GCC) version 7.2.0 (x86_64-redhat-linux)
	compiled by GNU C version 7.2.0, GMP version 6.1.0, MPFR version 3.1.4, MPC version 1.0.3, isl version isl-0.16.1-GMP

GGC heuristics: --param ggc-min-expand=97 --param ggc-min-heapsize=126788
Compiler executable checksum: 6a44dfc6a59d8d09f2d8023da75e0a17
COLLECT_GCC_OPTIONS='-v' '-o' 'CMakeFiles/cmTC_b1a96.dir/CMakeCXXCompilerABI.cpp.o' '-c' '-shared-libgcc' '-mtune=generic' '-march=x86-64'
 as -v --64 -o CMakeFiles/cmTC_b1a96.dir/CMakeCXXCompilerABI.cpp.o /tmp/ccWTX3zQ.s
GNU assembler version 2.27 (x86_64-redhat-linux) using BFD version version 2.27-44.base.el7_9.1
COMPILER_PATH=/usr/local/libexec/gcc/x86_64-redhat-linux/7/:/usr/local/libexec/gcc/x86_64-redhat-linux/7/:/usr/local/libexec/gcc/x86_64-redhat-linux/:/usr/local/lib/gcc/x86_64-redhat-linux/7/:/usr/local/lib/gcc/x86_64-redhat-linux/
LIBRARY_PATH=/usr/local/lib/gcc/x86_64-redhat-linux/7/:/usr/local/lib/gcc/x86_64-redhat-linux/7/../../../../lib64/:/lib/../lib64/:/usr/lib/../lib64/:/usr/local/lib/gcc/x86_64-redhat-linux/7/../../../:/lib/:/usr/lib/
COLLECT_GCC_OPTIONS='-v' '-o' 'CMakeFiles/cmTC_b1a96.dir/CMakeCXXCompilerABI.cpp.o' '-c' '-shared-libgcc' '-mtune=generic' '-march=x86-64'
Linking CXX executable cmTC_b1a96
/usr/local/bin/cmake -E cmake_link_script CMakeFiles/cmTC_b1a96.dir/link.txt --verbose=1
/usr/local/bin/c++  -v CMakeFiles/cmTC_b1a96.dir/CMakeCXXCompilerABI.cpp.o -o cmTC_b1a96 
Using built-in specs.
COLLECT_GCC=/usr/local/bin/c++
COLLECT_LTO_WRAPPER=/usr/local/libexec/gcc/x86_64-redhat-linux/7/lto-wrapper
Target: x86_64-redhat-linux
Configured with: ./configure --enable-bootstrap --enable-languages=c,c++,fortran,lto --with-bugurl=http://bugzilla.redhat.com/bugzilla --enable-shared --enable-threads=posix --enable-checking=release --disable-multilib --with-system-zlib --enable-__cxa_atexit --disable-libunwind-exceptions --enable-gnu-unique-object --enable-linker-build-id --with-gcc-major-version-only --enable-plugin --with-linker-hash-style=gnu --enable-initfini-array --enable-libmpx --enable-gnu-indirect-function --with-tune=generic --build=x86_64-redhat-linux
Thread model: posix
gcc version 7.2.0 (GCC) 
COMPILER_PATH=/usr/local/libexec/gcc/x86_64-redhat-linux/7/:/usr/local/libexec/gcc/x86_64-redhat-linux/7/:/usr/local/libexec/gcc/x86_64-redhat-linux/:/usr/local/lib/gcc/x86_64-redhat-linux/7/:/usr/local/lib/gcc/x86_64-redhat-linux/
LIBRARY_PATH=/usr/local/lib/gcc/x86_64-redhat-linux/7/:/usr/local/lib/gcc/x86_64-redhat-linux/7/../../../../lib64/:/lib/../lib64/:/usr/lib/../lib64/:/usr/local/lib/gcc/x86_64-redhat-linux/7/../../../:/lib/:/usr/lib/
COLLECT_GCC_OPTIONS='-v' '-o' 'cmTC_b1a96' '-shared-libgcc' '-mtune=generic' '-march=x86-64'
 /usr/local/libexec/gcc/x86_64-redhat-linux/7/collect2 -plugin /usr/local/libexec/gcc/x86_64-redhat-linux/7/liblto_plugin.so -plugin-opt=/usr/local/libexec/gcc/x86_64-redhat-linux/7/lto-wrapper -plugin-opt=-fresolution=/tmp/ccmiCAnS.res -plugin-opt=-pass-through=-lgcc_s -plugin-opt=-pass-through=-lgcc -plugin-opt=-pass-through=-lc -plugin-opt=-pass-through=-lgcc_s -plugin-opt=-pass-through=-lgcc --build-id --eh-frame-hdr --hash-style=gnu -m elf_x86_64 -dynamic-linker /lib64/ld-linux-x86-64.so.2 -o cmTC_b1a96 /lib/../lib64/crt1.o /lib/../lib64/crti.o /usr/local/lib/gcc/x86_64-redhat-linux/7/crtbegin.o -L/usr/local/lib/gcc/x86_64-redhat-linux/7 -L/usr/local/lib/gcc/x86_64-redhat-linux/7/../../../../lib64 -L/lib/../lib64 -L/usr/lib/../lib64 -L/usr/local/lib/gcc/x86_64-redhat-linux/7/../../.. CMakeFiles/cmTC_b1a96.dir/CMakeCXXCompilerABI.cpp.o -lstdc++ -lm -lgcc_s -lgcc -lc -lgcc_s -lgcc /usr/local/lib/gcc/x86_64-redhat-linux/7/crtend.o /lib/../lib64/crtn.o
COLLECT_GCC_OPTIONS='-v' '-o' 'cmTC_b1a96' '-shared-libgcc' '-mtune=generic' '-march=x86-64'
gmake[1]: Leaving directory `/root/code/ffmpeg/build/CMakeFiles/CMakeScratch/TryCompile-ZdyxDT'



Parsed CXX implicit include dir info from above output: rv=done
  found start of include info
  found start of implicit include info
    add: [/usr/local/lib/gcc/x86_64-redhat-linux/7/../../../../include/c++/7]
    add: [/usr/local/lib/gcc/x86_64-redhat-linux/7/../../../../include/c++/7/x86_64-redhat-linux]
    add: [/usr/local/lib/gcc/x86_64-redhat-linux/7/../../../../include/c++/7/backward]
    add: [/usr/local/lib/gcc/x86_64-redhat-linux/7/include]
    add: [/usr/local/include]
    add: [/usr/local/lib/gcc/x86_64-redhat-linux/7/include-fixed]
    add: [/usr/include]
  end of search list found
  collapse include dir [/usr/local/lib/gcc/x86_64-redhat-linux/7/../../../../include/c++/7] ==> [/usr/local/include/c++/7]
  collapse include dir [/usr/local/lib/gcc/x86_64-redhat-linux/7/../../../../include/c++/7/x86_64-redhat-linux] ==> [/usr/local/include/c++/7/x86_64-redhat-linux]
  collapse include dir [/usr/local/lib/gcc/x86_64-redhat-linux/7/../../../../include/c++/7/backward] ==> [/usr/local/include/c++/7/backward]
  collapse include dir [/usr/local/lib/gcc/x86_64-redhat-linux/7/include] ==> [/usr/local/lib/gcc/x86_64-redhat-linux/7/include]
  collapse include dir [/usr/local/include] ==> [/usr/local/include]
  collapse include dir [/usr/local/lib/gcc/x86_64-redhat-linux/7/include-fixed] ==> [/usr/local/lib/gcc/x86_64-redhat-linux/7/include-fixed]
  collapse include dir [/usr/include] ==> [/usr/include]
  implicit include dirs: [/usr/local/include/c++/7;/usr/local/include/c++/7/x86_64-redhat-linux;/usr/local/include/c++/7/backward;/usr/local/lib/gcc/x86_64-redhat-linux/7/include;/usr/local/include;/usr/local/lib/gcc/x86_64-redhat-linux/7/include-fixed;/usr/include]


Parsed CXX implicit link information from above output:
  link line regex: [^( *|.*[/\])(ld|CMAKE_LINK_STARTFILE-NOTFOUND|([^/\]+-)?ld|collect2)[^/\]*( |$)]
  ignore line: [Change Dir: /root/code/ffmpeg/build/CMakeFiles/CMakeScratch/TryCompile-ZdyxDT]
  ignore line: []
  ignore line: [Run Build Command(s):/usr/bin/gmake -f Makefile cmTC_b1a96/fast && /usr/bin/gmake  -f CMakeFiles/cmTC_b1a96.dir/build.make CMakeFiles/cmTC_b1a96.dir/build]
  ignore line: [gmake[1]: Entering directory `/root/code/ffmpeg/build/CMakeFiles/CMakeScratch/TryCompile-ZdyxDT']
  ignore line: [Building CXX object CMakeFiles/cmTC_b1a96.dir/CMakeCXXCompilerABI.cpp.o]
  ignore line: [/usr/local/bin/c++   -v -o CMakeFiles/cmTC_b1a96.dir/CMakeCXXCompilerABI.cpp.o -c /usr/local/share/cmake-3.25/Modules/CMakeCXXCompilerABI.cpp]
  ignore line: [Using built-in specs.]
  ignore line: [COLLECT_GCC=/usr/local/bin/c++]
  ignore line: [Target: x86_64-redhat-linux]
  ignore line: [Configured with: ./configure --enable-bootstrap --enable-languages=c c++ fortran lto --with-bugurl=http://bugzilla.redhat.com/bugzilla --enable-shared --enable-threads=posix --enable-checking=release --disable-multilib --with-system-zlib --enable-__cxa_atexit --disable-libunwind-exceptions --enable-gnu-unique-object --enable-linker-build-id --with-gcc-major-version-only --enable-plugin --with-linker-hash-style=gnu --enable-initfini-array --enable-libmpx --enable-gnu-indirect-function --with-tune=generic --build=x86_64-redhat-linux]
  ignore line: [Thread model: posix]
  ignore line: [gcc version 7.2.0 (GCC) ]
  ignore line: [COLLECT_GCC_OPTIONS='-v' '-o' 'CMakeFiles/cmTC_b1a96.dir/CMakeCXXCompilerABI.cpp.o' '-c' '-shared-libgcc' '-mtune=generic' '-march=x86-64']
  ignore line: [ /usr/local/libexec/gcc/x86_64-redhat-linux/7/cc1plus -quiet -v -D_GNU_SOURCE /usr/local/share/cmake-3.25/Modules/CMakeCXXCompilerABI.cpp -quiet -dumpbase CMakeCXXCompilerABI.cpp -mtune=generic -march=x86-64 -auxbase-strip CMakeFiles/cmTC_b1a96.dir/CMakeCXXCompilerABI.cpp.o -version -o /tmp/ccWTX3zQ.s]
  ignore line: [GNU C++14 (GCC) version 7.2.0 (x86_64-redhat-linux)]
  ignore line: [	compiled by GNU C version 7.2.0  GMP version 6.1.0  MPFR version 3.1.4  MPC version 1.0.3  isl version isl-0.16.1-GMP]
  ignore line: []
  ignore line: [GGC heuristics: --param ggc-min-expand=97 --param ggc-min-heapsize=126788]
  ignore line: [ignoring nonexistent directory "/usr/local/lib/gcc/x86_64-redhat-linux/7/../../../../x86_64-redhat-linux/include"]
  ignore line: [#include "..." search starts here:]
  ignore line: [#include <...> search starts here:]
  ignore line: [ /usr/local/lib/gcc/x86_64-redhat-linux/7/../../../../include/c++/7]
  ignore line: [ /usr/local/lib/gcc/x86_64-redhat-linux/7/../../../../include/c++/7/x86_64-redhat-linux]
  ignore line: [ /usr/local/lib/gcc/x86_64-redhat-linux/7/../../../../include/c++/7/backward]
  ignore line: [ /usr/local/lib/gcc/x86_64-redhat-linux/7/include]
  ignore line: [ /usr/local/include]
  ignore line: [ /usr/local/lib/gcc/x86_64-redhat-linux/7/include-fixed]
  ignore line: [ /usr/include]
  ignore line: [End of search list.]
  ignore line: [GNU C++14 (GCC) version 7.2.0 (x86_64-redhat-linux)]
  ignore line: [	compiled by GNU C version 7.2.0  GMP version 6.1.0  MPFR version 3.1.4  MPC version 1.0.3  isl version isl-0.16.1-GMP]
  ignore line: []
  ignore line: [GGC heuristics: --param ggc-min-expand=97 --param ggc-min-heapsize=126788]
  ignore line: [Compiler executable checksum: 6a44dfc6a59d8d09f2d8023da75e0a17]
  ignore line: [COLLECT_GCC_OPTIONS='-v' '-o' 'CMakeFiles/cmTC_b1a96.dir/CMakeCXXCompilerABI.cpp.o' '-c' '-shared-libgcc' '-mtune=generic' '-march=x86-64']
  ignore line: [ as -v --64 -o CMakeFiles/cmTC_b1a96.dir/CMakeCXXCompilerABI.cpp.o /tmp/ccWTX3zQ.s]
  ignore line: [GNU assembler version 2.27 (x86_64-redhat-linux) using BFD version version 2.27-44.base.el7_9.1]
  ignore line: [COMPILER_PATH=/usr/local/libexec/gcc/x86_64-redhat-linux/7/:/usr/local/libexec/gcc/x86_64-redhat-linux/7/:/usr/local/libexec/gcc/x86_64-redhat-linux/:/usr/local/lib/gcc/x86_64-redhat-linux/7/:/usr/local/lib/gcc/x86_64-redhat-linux/]
  ignore line: [LIBRARY_PATH=/usr/local/lib/gcc/x86_64-redhat-linux/7/:/usr/local/lib/gcc/x86_64-redhat-linux/7/../../../../lib64/:/lib/../lib64/:/usr/lib/../lib64/:/usr/local/lib/gcc/x86_64-redhat-linux/7/../../../:/lib/:/usr/lib/]
  ignore line: [COLLECT_GCC_OPTIONS='-v' '-o' 'CMakeFiles/cmTC_b1a96.dir/CMakeCXXCompilerABI.cpp.o' '-c' '-shared-libgcc' '-mtune=generic' '-march=x86-64']
  ignore line: [Linking CXX executable cmTC_b1a96]
  ignore line: [/usr/local/bin/cmake -E cmake_link_script CMakeFiles/cmTC_b1a96.dir/link.txt --verbose=1]
  ignore line: [/usr/local/bin/c++  -v CMakeFiles/cmTC_b1a96.dir/CMakeCXXCompilerABI.cpp.o -o cmTC_b1a96 ]
  ignore line: [Using built-in specs.]
  ignore line: [COLLECT_GCC=/usr/local/bin/c++]
  ignore line: [COLLECT_LTO_WRAPPER=/usr/local/libexec/gcc/x86_64-redhat-linux/7/lto-wrapper]
  ignore line: [Target: x86_64-redhat-linux]
  ignore line: [Configured with: ./configure --enable-bootstrap --enable-languages=c c++ fortran lto --with-bugurl=http://bugzilla.redhat.com/bugzilla --enable-shared --enable-threads=posix --enable-checking=release --disable-multilib --with-system-zlib --enable-__cxa_atexit --disable-libunwind-exceptions --enable-gnu-unique-object --enable-linker-build-id --with-gcc-major-version-only --enable-plugin --with-linker-hash-style=gnu --enable-initfini-array --enable-libmpx --enable-gnu-indirect-function --with-tune=generic --build=x86_64-redhat-linux]
  ignore line: [Thread model: posix]
  ignore line: [gcc version 7.2.0 (GCC) ]
  ignore line: [COMPILER_PATH=/usr/local/libexec/gcc/x86_64-redhat-linux/7/:/usr/local/libexec/gcc/x86_64-redhat-linux/7/:/usr/local/libexec/gcc/x86_64-redhat-linux/:/usr/local/lib/gcc/x86_64-redhat-linux/7/:/usr/local/lib/gcc/x86_64-redhat-linux/]
  ignore line: [LIBRARY_PATH=/usr/local/lib/gcc/x86_64-redhat-linux/7/:/usr/local/lib/gcc/x86_64-redhat-linux/7/../../../../lib64/:/lib/../lib64/:/usr/lib/../lib64/:/usr/local/lib/gcc/x86_64-redhat-linux/7/../../../:/lib/:/usr/lib/]
  ignore line: [COLLECT_GCC_OPTIONS='-v' '-o' 'cmTC_b1a96' '-shared-libgcc' '-mtune=generic' '-march=x86-64']
  link line: [ /usr/local/libexec/gcc/x86_64-redhat-linux/7/collect2 -plugin /usr/local/libexec/gcc/x86_64-redhat-linux/7/liblto_plugin.so -plugin-opt=/usr/local/libexec/gcc/x86_64-redhat-linux/7/lto-wrapper -plugin-opt=-fresolution=/tmp/ccmiCAnS.res -plugin-opt=-pass-through=-lgcc_s -plugin-opt=-pass-through=-lgcc -plugin-opt=-pass-through=-lc -plugin-opt=-pass-through=-lgcc_s -plugin-opt=-pass-through=-lgcc --build-id --eh-frame-hdr --hash-style=gnu -m elf_x86_64 -dynamic-linker /lib64/ld-linux-x86-64.so.2 -o cmTC_b1a96 /lib/../lib64/crt1.o /lib/../lib64/crti.o /usr/local/lib/gcc/x86_64-redhat-linux/7/crtbegin.o -L/usr/local/lib/gcc/x86_64-redhat-linux/7 -L/usr/local/lib/gcc/x86_64-redhat-linux/7/../../../../lib64 -L/lib/../lib64 -L/usr/lib/../lib64 -L/usr/local/lib/gcc/x86_64-redhat-linux/7/../../.. CMakeFiles/cmTC_b1a96.dir/CMakeCXXCompilerABI.cpp.o -lstdc++ -lm -lgcc_s -lgcc -lc -lgcc_s -lgcc /usr/local/lib/gcc/x86_64-redhat-linux/7/crtend.o /lib/../lib64/crtn.o]
    arg [/usr/local/libexec/gcc/x86_64-redhat-linux/7/collect2] ==> ignore
    arg [-plugin] ==> ignore
    arg [/usr/local/libexec/gcc/x86_64-redhat-linux/7/liblto_plugin.so] ==> ignore
    arg [-plugin-opt=/usr/local/libexec/gcc/x86_64-redhat-linux/7/lto-wrapper] ==> ignore
    arg [-plugin-opt=-fresolution=/tmp/ccmiCAnS.res] ==> ignore
    arg [-plugin-opt=-pass-through=-lgcc_s] ==> ignore
    arg [-plugin-opt=-pass-through=-lgcc] ==> ignore
    arg [-plugin-opt=-pass-through=-lc] ==> ignore
    arg [-plugin-opt=-pass-through=-lgcc_s] ==> ignore
    arg [-plugin-opt=-pass-through=-lgcc] ==> ignore
    arg [--build-id] ==> ignore
    arg [--eh-frame-hdr] ==> ignore
    arg [--hash-style=gnu] ==> ignore
    arg [-m] ==> ignore
    arg [elf_x86_64] ==> ignore
    arg [-dynamic-linker] ==> ignore
    arg [/lib64/ld-linux-x86-64.so.2] ==> ignore
    arg [-o] ==> ignore
    arg [cmTC_b1a96] ==> ignore
    arg [/lib/../lib64/crt1.o] ==> obj [/lib/../lib64/crt1.o]
    arg [/lib/../lib64/crti.o] ==> obj [/lib/../lib64/crti.o]
    arg [/usr/local/lib/gcc/x86_64-redhat-linux/7/crtbegin.o] ==> obj [/usr/local/lib/gcc/x86_64-redhat-linux/7/crtbegin.o]
    arg [-L/usr/local/lib/gcc/x86_64-redhat-linux/7] ==> dir [/usr/local/lib/gcc/x86_64-redhat-linux/7]
    arg [-L/usr/local/lib/gcc/x86_64-redhat-linux/7/../../../../lib64] ==> dir [/usr/local/lib/gcc/x86_64-redhat-linux/7/../../../../lib64]
    arg [-L/lib/../lib64] ==> dir [/lib/../lib64]
    arg [-L/usr/lib/../lib64] ==> dir [/usr/lib/../lib64]
    arg [-L/usr/local/lib/gcc/x86_64-redhat-linux/7/../../..] ==> dir [/usr/local/lib/gcc/x86_64-redhat-linux/7/../../..]
    arg [CMakeFiles/cmTC_b1a96.dir/CMakeCXXCompilerABI.cpp.o] ==> ignore
    arg [-lstdc++] ==> lib [stdc++]
    arg [-lm] ==> lib [m]
    arg [-lgcc_s] ==> lib [gcc_s]
    arg [-lgcc] ==> lib [gcc]
    arg [-lc] ==> lib [c]
    arg [-lgcc_s] ==> lib [gcc_s]
    arg [-lgcc] ==> lib [gcc]
    arg [/usr/local/lib/gcc/x86_64-redhat-linux/7/crtend.o] ==> obj [/usr/local/lib/gcc/x86_64-redhat-linux/7/crtend.o]
    arg [/lib/../lib64/crtn.o] ==> obj [/lib/../lib64/crtn.o]
  collapse obj [/lib/../lib64/crt1.o] ==> [/lib64/crt1.o]
  collapse obj [/lib/../lib64/crti.o] ==> [/lib64/crti.o]
  collapse obj [/lib/../lib64/crtn.o] ==> [/lib64/crtn.o]
  collapse library dir [/usr/local/lib/gcc/x86_64-redhat-linux/7] ==> [/usr/local/lib/gcc/x86_64-redhat-linux/7]
  collapse library dir [/usr/local/lib/gcc/x86_64-redhat-linux/7/../../../../lib64] ==> [/usr/local/lib64]
  collapse library dir [/lib/../lib64] ==> [/lib64]
  collapse library dir [/usr/lib/../lib64] ==> [/usr/lib64]
  collapse library dir [/usr/local/lib/gcc/x86_64-redhat-linux/7/../../..] ==> [/usr/local/lib]
  implicit libs: [stdc++;m;gcc_s;gcc;c;gcc_s;gcc]
  implicit objs: [/lib64/crt1.o;/lib64/crti.o;/usr/local/lib/gcc/x86_64-redhat-linux/7/crtbegin.o;/usr/local/lib/gcc/x86_64-redhat-linux/7/crtend.o;/lib64/crtn.o]
  implicit dirs: [/usr/local/lib/gcc/x86_64-redhat-linux/7;/usr/local/lib64;/lib64;/usr/lib64;/usr/local/lib]
  implicit fwks: []


